
=== Fri Apr  5 12:38:16 2024

Packages were changed.
Update Mode: updateDependencies

The following packages were added:
  com.unity.collab-proxy@1.2.15
The following packages were updated:
  com.unity.package-manager-ui from version 1.9.11 to 2.0.13
  com.unity.postprocessing from version 2.0.12-preview to 2.0.15-preview

=== Tue Apr 16 18:00:01 2024

Packages were changed.
Update Mode: updateDependencies

The following packages were added:
  com.unity.2d.sprite@1.0.0
  com.unity.2d.tilemap@1.0.0
  com.unity.ide.rider@1.2.1
  com.unity.ide.visualstudio@2.0.15
  com.unity.ide.vscode@1.2.5
  com.unity.modules.androidjni@1.0.0
  com.unity.modules.animation@1.0.0
  com.unity.modules.audio@1.0.0
  com.unity.modules.director@1.0.0
  com.unity.modules.particlesystem@1.0.0
  com.unity.modules.unitywebrequest@1.0.0
  com.unity.modules.video@1.0.0
  com.unity.multiplayer-hlapi@1.0.8
  com.unity.test-framework@1.1.31
  com.unity.timeline@1.2.18
  com.unity.ugui@1.0.0
  com.unity.xr.legacyinputhelpers@2.1.9
The following packages were updated:
  com.unity.collab-proxy from version 1.2.15 to 1.14.18
  com.unity.mathematics from version 0.0.12-preview.17 to 1.2.6
  com.unity.postprocessing from version 2.0.15-preview to 2.2.2
The following packages were removed:
  com.unity.package-manager-ui@2.0.13

=== Tue Apr 16 18:05:36 2024

Packages were changed.
Update Mode: updateDependencies

The following packages were updated:
  com.unity.collab-proxy from version 1.14.18 to 2.0.7
  com.unity.ide.rider from version 1.2.1 to 3.0.24
  com.unity.ide.visualstudio from version 2.0.15 to 2.0.18
  com.unity.postprocessing from version 2.2.2 to 3.2.2
  com.unity.test-framework from version 1.1.31 to 1.1.33
  com.unity.timeline from version 1.2.18 to 1.6.5
  com.unity.xr.legacyinputhelpers from version 2.1.9 to 2.1.10

=== Tue Apr 16 18:10:54 2024

Packages were changed.
Update Mode: updateDependencies

The following packages were added:
  com.unity.ai.navigation@1.1.5
The following packages were updated:
  com.unity.collab-proxy from version 2.0.7 to 2.3.1
  com.unity.ide.rider from version 3.0.24 to 3.0.28
  com.unity.ide.visualstudio from version 2.0.18 to 2.0.22
  com.unity.postprocessing from version 3.2.2 to 3.4.0
  com.unity.timeline from version 1.6.5 to 1.7.6
